nohup: no se tendrá en cuenta la entrada
wandb: Using wandb-core as the SDK backend. Please refer to https://wandb.me/wandb-core for more information.
wandb: Currently logged in as: jfphlorecti (scigeo). Use `wandb login --relogin` to force relogin
wandb: Tracking run with wandb version 0.18.5
wandb: Run data is saved locally in /home/tidop/projects/Noisy-Student/UNet/wandb/run-20241025_125658-6haxu368
wandb: Run `wandb offline` to turn off syncing.
wandb: Syncing run Student-Teacher Training
wandb: ⭐️ View project at https://wandb.ai/scigeo/UNet-Teacher-Training
wandb: 🚀 View run at https://wandb.ai/scigeo/UNet-Teacher-Training/runs/6haxu368
Epoch [1/20], CE + MSE Loss: 0.2166
Validation Loss: 0.3457 Validation IoU: 0.1794 Validation Dice: 0.2982 Validation Precision: 0.7780 Validation Recall: 0.1896 Validation F1: 0.2982
Epoch [2/20], CE + MSE Loss: 0.1656
Validation Loss: 0.2952 Validation IoU: 0.2594 Validation Dice: 0.4066 Validation Precision: 0.7824 Validation Recall: 0.2800 Validation F1: 0.4066
Epoch [3/20], CE + MSE Loss: 0.1453
Validation Loss: 0.2660 Validation IoU: 0.2622 Validation Dice: 0.4087 Validation Precision: 0.7892 Validation Recall: 0.2823 Validation F1: 0.4087
Epoch [4/20], CE + MSE Loss: 0.1314
Validation Loss: 0.2307 Validation IoU: 0.2998 Validation Dice: 0.4557 Validation Precision: 0.7874 Validation Recall: 0.3267 Validation F1: 0.4557
Epoch [5/20], CE + MSE Loss: 0.1223
Validation Loss: 0.2226 Validation IoU: 0.2921 Validation Dice: 0.4464 Validation Precision: 0.7988 Validation Recall: 0.3153 Validation F1: 0.4464
Epoch [6/20], CE + MSE Loss: 0.1162
Validation Loss: 0.2100 Validation IoU: 0.3111 Validation Dice: 0.4704 Validation Precision: 0.7879 Validation Recall: 0.3406 Validation F1: 0.4704
Epoch [7/20], CE + MSE Loss: 0.1094
Validation Loss: 0.2198 Validation IoU: 0.2369 Validation Dice: 0.3765 Validation Precision: 0.8117 Validation Recall: 0.2508 Validation F1: 0.3765
Epoch [8/20], CE + MSE Loss: 0.1057
Validation Loss: 0.2106 Validation IoU: 0.4006 Validation Dice: 0.5679 Validation Precision: 0.7188 Validation Recall: 0.4764 Validation F1: 0.5679
Epoch [9/20], CE + MSE Loss: 0.1018
Validation Loss: 0.2145 Validation IoU: 0.3847 Validation Dice: 0.5506 Validation Precision: 0.7311 Validation Recall: 0.4494 Validation F1: 0.5506
Epoch [10/20], CE + MSE Loss: 0.0978
Validation Loss: 0.1973 Validation IoU: 0.3833 Validation Dice: 0.5481 Validation Precision: 0.7769 Validation Recall: 0.4304 Validation F1: 0.5481
Epoch [11/20], CE + MSE Loss: 0.0949
Validation Loss: 0.2005 Validation IoU: 0.3295 Validation Dice: 0.4894 Validation Precision: 0.8010 Validation Recall: 0.3592 Validation F1: 0.4894
Epoch [12/20], CE + MSE Loss: 0.0920
Validation Loss: 0.1987 Validation IoU: 0.3854 Validation Dice: 0.5507 Validation Precision: 0.7781 Validation Recall: 0.4329 Validation F1: 0.5507
Epoch [13/20], CE + MSE Loss: 0.0899
Validation Loss: 0.2074 Validation IoU: 0.3696 Validation Dice: 0.5351 Validation Precision: 0.7655 Validation Recall: 0.4178 Validation F1: 0.5351
Epoch [14/20], CE + MSE Loss: 0.0868
Validation Loss: 0.1966 Validation IoU: 0.4027 Validation Dice: 0.5687 Validation Precision: 0.7663 Validation Recall: 0.4596 Validation F1: 0.5687
Epoch [15/20], CE + MSE Loss: 0.0859
Validation Loss: 0.2860 Validation IoU: 0.2983 Validation Dice: 0.4526 Validation Precision: 0.7926 Validation Recall: 0.3246 Validation F1: 0.4526
Epoch [16/20], CE + MSE Loss: 0.0842
Validation Loss: 0.2037 Validation IoU: 0.3676 Validation Dice: 0.5333 Validation Precision: 0.7892 Validation Recall: 0.4087 Validation F1: 0.5333
Epoch [17/20], CE + MSE Loss: 0.0808
Validation Loss: 0.1979 Validation IoU: 0.3623 Validation Dice: 0.5261 Validation Precision: 0.7914 Validation Recall: 0.4002 Validation F1: 0.5261
Epoch [18/20], CE + MSE Loss: 0.0791
Validation Loss: 0.2026 Validation IoU: 0.3457 Validation Dice: 0.5084 Validation Precision: 0.8088 Validation Recall: 0.3769 Validation F1: 0.5084
Epoch [19/20], CE + MSE Loss: 0.0770
Validation Loss: 0.1936 Validation IoU: 0.4152 Validation Dice: 0.5821 Validation Precision: 0.7749 Validation Recall: 0.4724 Validation F1: 0.5821
Epoch [20/20], CE + MSE Loss: 0.0761
Validation Loss: 0.1992 Validation IoU: 0.3408 Validation Dice: 0.5032 Validation Precision: 0.8026 Validation Recall: 0.3723 Validation F1: 0.5032
[1;34mwandb[0m: 🚀 View run [33mStudent-Teacher Training[0m at: [34mhttps://wandb.ai/scigeo/UNet-Teacher-Training/runs/6haxu368[0m
[1;34mwandb[0m: Find logs at: [1;35mwandb/run-20241025_125658-6haxu368/logs[0m
