nohup: no se tendrá en cuenta la entrada
wandb: Using wandb-core as the SDK backend. Please refer to https://wandb.me/wandb-core for more information.
wandb: Currently logged in as: jfphlorecti (scigeo). Use `wandb login --relogin` to force relogin
wandb: Tracking run with wandb version 0.18.5
wandb: Run data is saved locally in /home/tidop/projects/Noisy-Student/UNet/wandb/run-20241025_103246-btjyi5ub
wandb: Run `wandb offline` to turn off syncing.
wandb: Syncing run Teacher Training
wandb: ⭐️ View project at https://wandb.ai/scigeo/UNet-Teacher-Training
wandb: 🚀 View run at https://wandb.ai/scigeo/UNet-Teacher-Training/runs/btjyi5ub
Epoch [1/20], Loss: 0.1772
Validation Loss: 0.1109 Validation IoU: 0.7293 Validation Dice: 0.8402 Validation Precision: 0.8805 Validation Recall: 0.8127 Validation F1: 0.8402
Epoch [2/20], Loss: 0.1010
Validation Loss: 0.1019 Validation IoU: 0.6973 Validation Dice: 0.8197 Validation Precision: 0.9637 Validation Recall: 0.7169 Validation F1: 0.8197
Epoch [3/20], Loss: 0.0877
Validation Loss: 0.0975 Validation IoU: 0.7756 Validation Dice: 0.8705 Validation Precision: 0.8766 Validation Recall: 0.8733 Validation F1: 0.8705
Epoch [4/20], Loss: 0.0792
Validation Loss: 0.0771 Validation IoU: 0.8061 Validation Dice: 0.8917 Validation Precision: 0.9127 Validation Recall: 0.8745 Validation F1: 0.8917
Epoch [5/20], Loss: 0.0751
Validation Loss: 0.0728 Validation IoU: 0.8272 Validation Dice: 0.9051 Validation Precision: 0.9227 Validation Recall: 0.8890 Validation F1: 0.9051
Epoch [6/20], Loss: 0.0683
Validation Loss: 0.0631 Validation IoU: 0.8405 Validation Dice: 0.9131 Validation Precision: 0.9469 Validation Recall: 0.8821 Validation F1: 0.9131
Epoch [7/20], Loss: 0.0660
Validation Loss: 0.0623 Validation IoU: 0.8445 Validation Dice: 0.9154 Validation Precision: 0.9436 Validation Recall: 0.8895 Validation F1: 0.9154
Epoch [8/20], Loss: 0.0623
Validation Loss: 0.0596 Validation IoU: 0.8429 Validation Dice: 0.9145 Validation Precision: 0.9577 Validation Recall: 0.8755 Validation F1: 0.9145
Epoch [9/20], Loss: 0.0602
Validation Loss: 0.0662 Validation IoU: 0.8377 Validation Dice: 0.9106 Validation Precision: 0.9389 Validation Recall: 0.8865 Validation F1: 0.9106
Epoch [10/20], Loss: 0.0577
Validation Loss: 0.1084 Validation IoU: 0.7438 Validation Dice: 0.8514 Validation Precision: 0.8674 Validation Recall: 0.8434 Validation F1: 0.8514
Epoch [11/20], Loss: 0.0597
Validation Loss: 0.0596 Validation IoU: 0.8378 Validation Dice: 0.9114 Validation Precision: 0.9668 Validation Recall: 0.8625 Validation F1: 0.9114
Epoch [12/20], Loss: 0.0592
Validation Loss: 0.0551 Validation IoU: 0.8583 Validation Dice: 0.9233 Validation Precision: 0.9457 Validation Recall: 0.9030 Validation F1: 0.9233
Epoch [13/20], Loss: 0.0532
Validation Loss: 0.0530 Validation IoU: 0.8571 Validation Dice: 0.9228 Validation Precision: 0.9666 Validation Recall: 0.8833 Validation F1: 0.9228
Epoch [14/20], Loss: 0.0520
Validation Loss: 0.0516 Validation IoU: 0.8661 Validation Dice: 0.9271 Validation Precision: 0.9467 Validation Recall: 0.9108 Validation F1: 0.9271
Epoch [15/20], Loss: 0.0501
Validation Loss: 0.0677 Validation IoU: 0.8378 Validation Dice: 0.9102 Validation Precision: 0.9242 Validation Recall: 0.9001 Validation F1: 0.9102
Epoch [16/20], Loss: 0.0486
Validation Loss: 0.0488 Validation IoU: 0.8758 Validation Dice: 0.9336 Validation Precision: 0.9483 Validation Recall: 0.9200 Validation F1: 0.9336
Epoch [17/20], Loss: 0.0504
Validation Loss: 0.0500 Validation IoU: 0.8709 Validation Dice: 0.9308 Validation Precision: 0.9605 Validation Recall: 0.9032 Validation F1: 0.9308
Epoch [18/20], Loss: 0.0466
Validation Loss: 0.0506 Validation IoU: 0.8631 Validation Dice: 0.9263 Validation Precision: 0.9647 Validation Recall: 0.8913 Validation F1: 0.9263
Epoch [19/20], Loss: 0.0458
Validation Loss: 0.0485 Validation IoU: 0.8692 Validation Dice: 0.9299 Validation Precision: 0.9676 Validation Recall: 0.8954 Validation F1: 0.9299
Epoch [20/20], Loss: 0.0438
Validation Loss: 0.0492 Validation IoU: 0.8706 Validation Dice: 0.9304 Validation Precision: 0.9536 Validation Recall: 0.9097 Validation F1: 0.9304
[1;34mwandb[0m: 🚀 View run [33mTeacher Training[0m at: [34mhttps://wandb.ai/scigeo/UNet-Teacher-Training/runs/btjyi5ub[0m
[1;34mwandb[0m: Find logs at: [1;35mwandb/run-20241025_103246-btjyi5ub/logs[0m
