nohup: no se tendrá en cuenta la entrada
wandb: Using wandb-core as the SDK backend. Please refer to https://wandb.me/wandb-core for more information.
wandb: Currently logged in as: jfphlorecti (scigeo). Use `wandb login --relogin` to force relogin
wandb: Tracking run with wandb version 0.18.5
wandb: Run data is saved locally in /home/tidop/projects/Noisy-Student/wandb/run-20250113_091508-t8dq9q8k
wandb: Run `wandb offline` to turn off syncing.
wandb: Syncing run UnetStudent-WHU
wandb: ⭐️ View project at https://wandb.ai/scigeo/Unet-NRN-RSSEG
wandb: 🚀 View run at https://wandb.ai/scigeo/Unet-NRN-RSSEG/runs/t8dq9q8k
Epoch [1/50], Loss: 0.6361
Validation Loss: 0.6024 Validation IoU: 0.5267 Validation Dice: 0.6815 Validation Precision: 0.8408 Validation Recall: 0.5827 Validation F1: 0.6815
Epoch [2/50], Loss: 0.5943
Validation Loss: 0.5902 Validation IoU: 0.5918 Validation Dice: 0.7361 Validation Precision: 0.8480 Validation Recall: 0.6584 Validation F1: 0.7361
Epoch [3/50], Loss: 0.5884
Validation Loss: 0.5888 Validation IoU: 0.5594 Validation Dice: 0.7087 Validation Precision: 0.8577 Validation Recall: 0.6141 Validation F1: 0.7087
Epoch [4/50], Loss: 0.5867
Validation Loss: 0.5871 Validation IoU: 0.6458 Validation Dice: 0.7788 Validation Precision: 0.8336 Validation Recall: 0.7359 Validation F1: 0.7788
Epoch [5/50], Loss: 0.5860
Validation Loss: 0.5865 Validation IoU: 0.6388 Validation Dice: 0.7706 Validation Precision: 0.8680 Validation Recall: 0.7036 Validation F1: 0.7706
Epoch [6/50], Loss: 0.5855
Validation Loss: 0.5863 Validation IoU: 0.6449 Validation Dice: 0.7787 Validation Precision: 0.8754 Validation Recall: 0.7055 Validation F1: 0.7787
Epoch [7/50], Loss: 0.5852
Validation Loss: 0.5860 Validation IoU: 0.6728 Validation Dice: 0.7991 Validation Precision: 0.8584 Validation Recall: 0.7512 Validation F1: 0.7991
Epoch [8/50], Loss: 0.5849
Validation Loss: 0.5860 Validation IoU: 0.6688 Validation Dice: 0.7959 Validation Precision: 0.8629 Validation Recall: 0.7429 Validation F1: 0.7959
Epoch [9/50], Loss: 0.5847
Validation Loss: 0.5862 Validation IoU: 0.6715 Validation Dice: 0.7971 Validation Precision: 0.8428 Validation Recall: 0.7641 Validation F1: 0.7971
Epoch [10/50], Loss: 0.5845
Validation Loss: 0.5855 Validation IoU: 0.6887 Validation Dice: 0.8100 Validation Precision: 0.8594 Validation Recall: 0.7710 Validation F1: 0.8100
Epoch [11/50], Loss: 0.5843
Validation Loss: 0.5859 Validation IoU: 0.6893 Validation Dice: 0.8111 Validation Precision: 0.8445 Validation Recall: 0.7840 Validation F1: 0.8111
Epoch [12/50], Loss: 0.5842
Validation Loss: 0.5855 Validation IoU: 0.6704 Validation Dice: 0.7968 Validation Precision: 0.8900 Validation Recall: 0.7262 Validation F1: 0.7968
Epoch [13/50], Loss: 0.5840
Validation Loss: 0.5851 Validation IoU: 0.6974 Validation Dice: 0.8153 Validation Precision: 0.8736 Validation Recall: 0.7706 Validation F1: 0.8153
Epoch [14/50], Loss: 0.5839
Validation Loss: 0.5851 Validation IoU: 0.7083 Validation Dice: 0.8238 Validation Precision: 0.8659 Validation Recall: 0.7896 Validation F1: 0.8238
Epoch [15/50], Loss: 0.5837
Validation Loss: 0.5849 Validation IoU: 0.7008 Validation Dice: 0.8175 Validation Precision: 0.8808 Validation Recall: 0.7691 Validation F1: 0.8175
Epoch [16/50], Loss: 0.5837
Validation Loss: 0.5848 Validation IoU: 0.7020 Validation Dice: 0.8188 Validation Precision: 0.8866 Validation Recall: 0.7661 Validation F1: 0.8188
Epoch [17/50], Loss: 0.5836
Validation Loss: 0.5849 Validation IoU: 0.7044 Validation Dice: 0.8209 Validation Precision: 0.8823 Validation Recall: 0.7718 Validation F1: 0.8209
Epoch [18/50], Loss: 0.5835
Validation Loss: 0.5851 Validation IoU: 0.7049 Validation Dice: 0.8204 Validation Precision: 0.8670 Validation Recall: 0.7853 Validation F1: 0.8204
Epoch [19/50], Loss: 0.5834
Validation Loss: 0.5849 Validation IoU: 0.7042 Validation Dice: 0.8210 Validation Precision: 0.8793 Validation Recall: 0.7739 Validation F1: 0.8210
Early stopping triggered after 5 epochs with no improvement in IoU.
[1;34mwandb[0m: 🚀 View run [33mUnetStudent-WHU[0m at: [34mhttps://wandb.ai/scigeo/Unet-NRN-RSSEG/runs/t8dq9q8k[0m
[1;34mwandb[0m: Find logs at: [1;35mwandb/run-20250113_091508-t8dq9q8k/logs[0m
