nohup: ignoring input
wandb: Using wandb-core as the SDK backend. Please refer to https://wandb.me/wandb-core for more information.
wandb: Currently logged in as: jfphlorecti (scigeo). Use `wandb login --relogin` to force relogin
wandb: Tracking run with wandb version 0.18.5
wandb: Run data is saved locally in /home/tidop/projects/Noisy-Student/wandb/run-20250108_221232-gxd3dvuk
wandb: Run `wandb offline` to turn off syncing.
wandb: Syncing run Unet-WHU-Kaggle
wandb: ⭐️ View project at https://wandb.ai/scigeo/Unet-NRN-RSSEG
wandb: 🚀 View run at https://wandb.ai/scigeo/Unet-NRN-RSSEG/runs/gxd3dvuk
Epoch [1/50], Loss: 0.6985
Validation Loss: 0.6735 Validation IoU: 0.5503 Validation Dice: 0.6908 Validation Precision: 0.7057 Validation Recall: 0.6949 Validation F1: 0.6908
Epoch [2/50], Loss: 0.6539
Validation Loss: 0.6409 Validation IoU: 0.6165 Validation Dice: 0.7466 Validation Precision: 0.7685 Validation Recall: 0.7329 Validation F1: 0.7466
Epoch [3/50], Loss: 0.6254
Validation Loss: 0.6164 Validation IoU: 0.6070 Validation Dice: 0.7355 Validation Precision: 0.8370 Validation Recall: 0.6755 Validation F1: 0.7355
Epoch [4/50], Loss: 0.6065
Validation Loss: 0.5998 Validation IoU: 0.6190 Validation Dice: 0.7430 Validation Precision: 0.8352 Validation Recall: 0.6913 Validation F1: 0.7430
Epoch [5/50], Loss: 0.5947
Validation Loss: 0.5921 Validation IoU: 0.6054 Validation Dice: 0.7268 Validation Precision: 0.8608 Validation Recall: 0.6565 Validation F1: 0.7268
Epoch [6/50], Loss: 0.5872
Validation Loss: 0.5878 Validation IoU: 0.6353 Validation Dice: 0.7578 Validation Precision: 0.8232 Validation Recall: 0.7231 Validation F1: 0.7578
Epoch [7/50], Loss: 0.5821
Validation Loss: 0.5829 Validation IoU: 0.6437 Validation Dice: 0.7636 Validation Precision: 0.8251 Validation Recall: 0.7329 Validation F1: 0.7636
Epoch [8/50], Loss: 0.5789
Validation Loss: 0.5805 Validation IoU: 0.6480 Validation Dice: 0.7645 Validation Precision: 0.8564 Validation Recall: 0.7113 Validation F1: 0.7645
Epoch [9/50], Loss: 0.5775
Validation Loss: 0.5783 Validation IoU: 0.6441 Validation Dice: 0.7591 Validation Precision: 0.8655 Validation Recall: 0.6985 Validation F1: 0.7591
Epoch [10/50], Loss: 0.5754
Validation Loss: 0.5773 Validation IoU: 0.6551 Validation Dice: 0.7699 Validation Precision: 0.8653 Validation Recall: 0.7089 Validation F1: 0.7699
Epoch [11/50], Loss: 0.5741
Validation Loss: 0.5762 Validation IoU: 0.6592 Validation Dice: 0.7747 Validation Precision: 0.8652 Validation Recall: 0.7132 Validation F1: 0.7747
Epoch [12/50], Loss: 0.5735
Validation Loss: 0.5759 Validation IoU: 0.6509 Validation Dice: 0.7673 Validation Precision: 0.8675 Validation Recall: 0.7040 Validation F1: 0.7673
Epoch [13/50], Loss: 0.5727
Validation Loss: 0.5748 Validation IoU: 0.6560 Validation Dice: 0.7687 Validation Precision: 0.8791 Validation Recall: 0.7030 Validation F1: 0.7687
Epoch [14/50], Loss: 0.5721
Validation Loss: 0.5750 Validation IoU: 0.6639 Validation Dice: 0.7764 Validation Precision: 0.8571 Validation Recall: 0.7246 Validation F1: 0.7764
Epoch [15/50], Loss: 0.5718
Validation Loss: 0.5751 Validation IoU: 0.6285 Validation Dice: 0.7435 Validation Precision: 0.8873 Validation Recall: 0.6659 Validation F1: 0.7435
Epoch [16/50], Loss: 0.5714
Validation Loss: 0.5743 Validation IoU: 0.6555 Validation Dice: 0.7682 Validation Precision: 0.8786 Validation Recall: 0.7009 Validation F1: 0.7682
Epoch [17/50], Loss: 0.5711
Validation Loss: 0.5750 Validation IoU: 0.6436 Validation Dice: 0.7553 Validation Precision: 0.8658 Validation Recall: 0.6952 Validation F1: 0.7553
Epoch [18/50], Loss: 0.5712
Validation Loss: 0.5739 Validation IoU: 0.6828 Validation Dice: 0.7933 Validation Precision: 0.8633 Validation Recall: 0.7432 Validation F1: 0.7933
Epoch [19/50], Loss: 0.5706
Validation Loss: 0.5742 Validation IoU: 0.6710 Validation Dice: 0.7807 Validation Precision: 0.8602 Validation Recall: 0.7304 Validation F1: 0.7807
Epoch [20/50], Loss: 0.5703
Validation Loss: 0.5739 Validation IoU: 0.6784 Validation Dice: 0.7896 Validation Precision: 0.8629 Validation Recall: 0.7388 Validation F1: 0.7896
Epoch [21/50], Loss: 0.5704
Validation Loss: 0.5747 Validation IoU: 0.6557 Validation Dice: 0.7716 Validation Precision: 0.8567 Validation Recall: 0.7149 Validation F1: 0.7716
Epoch [22/50], Loss: 0.5701
Validation Loss: 0.5736 Validation IoU: 0.6708 Validation Dice: 0.7804 Validation Precision: 0.8753 Validation Recall: 0.7214 Validation F1: 0.7804
Epoch [23/50], Loss: 0.5698
Validation Loss: 0.5739 Validation IoU: 0.6627 Validation Dice: 0.7727 Validation Precision: 0.8747 Validation Recall: 0.7135 Validation F1: 0.7727
Early stopping triggered after 5 epochs with no improvement in IoU.
[1;34mwandb[0m: 🚀 View run [33mUnet-WHU-Kaggle[0m at: [34mhttps://wandb.ai/scigeo/Unet-NRN-RSSEG/runs/gxd3dvuk[0m
[1;34mwandb[0m: Find logs at: [1;35mwandb/run-20250108_221232-gxd3dvuk/logs[0m
